Determining if the Q_WS_WIN exist failed with the following output:
Change Dir: /home/plz/slam/g2o/build/CMakeFiles/CMakeTmp

Run Build Command:/usr/bin/make "cmTryCompileExec2683305049/fast"
/usr/bin/make -f CMakeFiles/cmTryCompileExec2683305049.dir/build.make CMakeFiles/cmTryCompileExec2683305049.dir/build
make[1]: 正在进入目录 `/home/plz/slam/g2o/build/CMakeFiles/CMakeTmp'
/usr/bin/cmake -E cmake_progress_report /home/plz/slam/g2o/build/CMakeFiles/CMakeTmp/CMakeFiles 1
Building CXX object CMakeFiles/cmTryCompileExec2683305049.dir/CheckSymbolExists.cxx.o
/usr/bin/c++   -DLAPACK_USE_F2C -I/home/plz/.pyenv/versions/anaconda-2.0.1/include    -o CMakeFiles/cmTryCompileExec2683305049.dir/CheckSymbolExists.cxx.o -c /home/plz/slam/g2o/build/CMakeFiles/CMakeTmp/CheckSymbolExists.cxx
/home/plz/slam/g2o/build/CMakeFiles/CMakeTmp/CheckSymbolExists.cxx: In function ‘int main(int, char**)’:
/home/plz/slam/g2o/build/CMakeFiles/CMakeTmp/CheckSymbolExists.cxx:8:19: error: ‘Q_WS_WIN’ was not declared in this scope
   return ((int*)(&Q_WS_WIN))[argc];
                   ^
make[1]: *** [CMakeFiles/cmTryCompileExec2683305049.dir/CheckSymbolExists.cxx.o] 错误 1
make[1]:正在离开目录 `/home/plz/slam/g2o/build/CMakeFiles/CMakeTmp'
make: *** [cmTryCompileExec2683305049/fast] 错误 2

File /home/plz/slam/g2o/build/CMakeFiles/CMakeTmp/CheckSymbolExists.cxx:
/* */
#include <QtCore/qglobal.h>

int main(int argc, char** argv)
{
  (void)argv;
#ifndef Q_WS_WIN
  return ((int*)(&Q_WS_WIN))[argc];
#else
  (void)argc;
  return 0;
#endif
}

Determining if the Q_WS_QWS exist failed with the following output:
Change Dir: /home/plz/slam/g2o/build/CMakeFiles/CMakeTmp

Run Build Command:/usr/bin/make "cmTryCompileExec2724565003/fast"
/usr/bin/make -f CMakeFiles/cmTryCompileExec2724565003.dir/build.make CMakeFiles/cmTryCompileExec2724565003.dir/build
make[1]: 正在进入目录 `/home/plz/slam/g2o/build/CMakeFiles/CMakeTmp'
/usr/bin/cmake -E cmake_progress_report /home/plz/slam/g2o/build/CMakeFiles/CMakeTmp/CMakeFiles 1
Building CXX object CMakeFiles/cmTryCompileExec2724565003.dir/CheckSymbolExists.cxx.o
/usr/bin/c++   -DLAPACK_USE_F2C -I/home/plz/.pyenv/versions/anaconda-2.0.1/include    -o CMakeFiles/cmTryCompileExec2724565003.dir/CheckSymbolExists.cxx.o -c /home/plz/slam/g2o/build/CMakeFiles/CMakeTmp/CheckSymbolExists.cxx
/home/plz/slam/g2o/build/CMakeFiles/CMakeTmp/CheckSymbolExists.cxx: In function ‘int main(int, char**)’:
/home/plz/slam/g2o/build/CMakeFiles/CMakeTmp/CheckSymbolExists.cxx:8:19: error: ‘Q_WS_QWS’ was not declared in this scope
   return ((int*)(&Q_WS_QWS))[argc];
                   ^
make[1]:正在离开目录 `/home/plz/slam/g2o/build/CMakeFiles/CMakeTmp'
make[1]: *** [CMakeFiles/cmTryCompileExec2724565003.dir/CheckSymbolExists.cxx.o] 错误 1
make: *** [cmTryCompileExec2724565003/fast] 错误 2

File /home/plz/slam/g2o/build/CMakeFiles/CMakeTmp/CheckSymbolExists.cxx:
/* */
#include <QtCore/qglobal.h>

int main(int argc, char** argv)
{
  (void)argv;
#ifndef Q_WS_QWS
  return ((int*)(&Q_WS_QWS))[argc];
#else
  (void)argc;
  return 0;
#endif
}

Determining if the Q_WS_MAC exist failed with the following output:
Change Dir: /home/plz/slam/g2o/build/CMakeFiles/CMakeTmp

Run Build Command:/usr/bin/make "cmTryCompileExec4289922402/fast"
/usr/bin/make -f CMakeFiles/cmTryCompileExec4289922402.dir/build.make CMakeFiles/cmTryCompileExec4289922402.dir/build
make[1]: 正在进入目录 `/home/plz/slam/g2o/build/CMakeFiles/CMakeTmp'
/usr/bin/cmake -E cmake_progress_report /home/plz/slam/g2o/build/CMakeFiles/CMakeTmp/CMakeFiles 1
Building CXX object CMakeFiles/cmTryCompileExec4289922402.dir/CheckSymbolExists.cxx.o
/usr/bin/c++   -DLAPACK_USE_F2C -I/home/plz/.pyenv/versions/anaconda-2.0.1/include    -o CMakeFiles/cmTryCompileExec4289922402.dir/CheckSymbolExists.cxx.o -c /home/plz/slam/g2o/build/CMakeFiles/CMakeTmp/CheckSymbolExists.cxx
/home/plz/slam/g2o/build/CMakeFiles/CMakeTmp/CheckSymbolExists.cxx: In function ‘int main(int, char**)’:
/home/plz/slam/g2o/build/CMakeFiles/CMakeTmp/CheckSymbolExists.cxx:8:19: error: ‘Q_WS_MAC’ was not declared in this scope
   return ((int*)(&Q_WS_MAC))[argc];
                   ^
make[1]: *** [CMakeFiles/cmTryCompileExec4289922402.dir/CheckSymbolExists.cxx.o] 错误 1
make[1]:正在离开目录 `/home/plz/slam/g2o/build/CMakeFiles/CMakeTmp'
make: *** [cmTryCompileExec4289922402/fast] 错误 2

File /home/plz/slam/g2o/build/CMakeFiles/CMakeTmp/CheckSymbolExists.cxx:
/* */
#include <QtCore/qglobal.h>

int main(int argc, char** argv)
{
  (void)argv;
#ifndef Q_WS_MAC
  return ((int*)(&Q_WS_MAC))[argc];
#else
  (void)argc;
  return 0;
#endif
}

